0 info it worked if it ends with ok
1 verbose cli [ '/usr/local/bin/node', '/usr/local/bin/npm', 'install' ]
2 info using npm@3.8.3
3 info using node@v5.10.0
4 silly loadCurrentTree Starting
5 silly install loadCurrentTree
6 silly install readLocalPackageData
7 silly install normalizeTree
8 silly loadCurrentTree Finishing
9 silly loadIdealTree Starting
10 silly install loadIdealTree
11 silly cloneCurrentTree Starting
12 silly install cloneCurrentTreeToIdealTree
13 silly cloneCurrentTree Finishing
14 silly loadShrinkwrap Starting
15 silly install loadShrinkwrap
16 silly loadShrinkwrap Finishing
17 silly loadAllDepsIntoIdealTree Starting
18 silly install loadAllDepsIntoIdealTree
19 silly fetchNamedPackageData request
20 silly mapToRegistry name request
21 silly mapToRegistry using default registry
22 silly mapToRegistry registry https://registry.npmjs.org/
23 silly mapToRegistry data Result {
23 silly mapToRegistry   raw: 'request',
23 silly mapToRegistry   scope: null,
23 silly mapToRegistry   name: 'request',
23 silly mapToRegistry   rawSpec: '',
23 silly mapToRegistry   spec: 'latest',
23 silly mapToRegistry   type: 'tag' }
24 silly mapToRegistry uri https://registry.npmjs.org/request
25 silly fetchOtherPackageData parlassets@git+ssh://git@github.com/muki/parlassets.git
26 silly cache add args [ 'parlassets@git+ssh://git@github.com/muki/parlassets.git',
26 silly cache add   null ]
27 verbose cache add spec parlassets@git+ssh://git@github.com/muki/parlassets.git
28 silly cache add parsed spec Result {
28 silly cache add   raw: 'parlassets@git+ssh://git@github.com/muki/parlassets.git',
28 silly cache add   scope: null,
28 silly cache add   name: 'parlassets',
28 silly cache add   rawSpec: 'git+ssh://git@github.com/muki/parlassets.git',
28 silly cache add   spec: 'git+ssh://git@github.com/muki/parlassets.git',
28 silly cache add   type: 'hosted',
28 silly cache add   hosted:
28 silly cache add    { type: 'github',
28 silly cache add      ssh: 'git@github.com:muki/parlassets.git',
28 silly cache add      sshUrl: 'git+ssh://git@github.com/muki/parlassets.git',
28 silly cache add      httpsUrl: 'git+https://github.com/muki/parlassets.git',
28 silly cache add      gitUrl: 'git://github.com/muki/parlassets.git',
28 silly cache add      shortcut: 'github:muki/parlassets',
28 silly cache add      directUrl: 'https://raw.githubusercontent.com/muki/parlassets/master/package.json' } }
29 verbose addRemoteGit caching git+ssh://git@github.com/muki/parlassets.git
30 verbose addRemoteGit git+ssh://git@github.com/muki/parlassets.git is a repository hosted by github
31 silly tryClone cloning git+ssh://git@github.com/muki/parlassets.git via git+ssh://git@github.com/muki/parlassets.git
32 verbose tryClone git-ssh-git-github-com-muki-parlassets-git-4c773461 not in flight; caching
33 verbose correctMkdir /Users/muki/.npm/_git-remotes correctMkdir not in flight; initializing
34 info git [ 'config', '--get', 'remote.origin.url' ]
35 verbose request uri https://registry.npmjs.org/request
36 verbose request no auth needed
37 info attempt registry request try #1 at 20:43:54
38 verbose request id 7df1a50fcf117706
39 verbose etag W/"58418cfb-34eb5"
40 verbose lastModified Fri, 02 Dec 2016 15:02:19 GMT
41 http request GET https://registry.npmjs.org/request
42 silly validateExistingRemote git+ssh://git@github.com/muki/parlassets.git remote.origin.url: ssh://git@github.com/muki/parlassets.git
43 verbose validateExistingRemote git+ssh://git@github.com/muki/parlassets.git is updating existing cached remote /Users/muki/.npm/_git-remotes/git-ssh-git-github-com-muki-parlassets-git-4c773461
44 info git [ 'fetch', '-a', 'origin' ]
45 http 304 https://registry.npmjs.org/request
46 verbose headers { date: 'Fri, 02 Dec 2016 19:44:00 GMT',
46 verbose headers   via: '1.1 varnish',
46 verbose headers   'cache-control': 'max-age=300',
46 verbose headers   etag: 'W/"58418cfb-34eb5"',
46 verbose headers   age: '35',
46 verbose headers   connection: 'keep-alive',
46 verbose headers   'x-served-by': 'cache-lcy1135-LCY',
46 verbose headers   'x-cache': 'HIT',
46 verbose headers   'x-cache-hits': '3',
46 verbose headers   'x-timer': 'S1480707840.453879,VS0,VE0',
46 verbose headers   vary: 'Accept-Encoding' }
47 silly get cb [ 304,
47 silly get   { date: 'Fri, 02 Dec 2016 19:44:00 GMT',
47 silly get     via: '1.1 varnish',
47 silly get     'cache-control': 'max-age=300',
47 silly get     etag: 'W/"58418cfb-34eb5"',
47 silly get     age: '35',
47 silly get     connection: 'keep-alive',
47 silly get     'x-served-by': 'cache-lcy1135-LCY',
47 silly get     'x-cache': 'HIT',
47 silly get     'x-cache-hits': '3',
47 silly get     'x-timer': 'S1480707840.453879,VS0,VE0',
47 silly get     vary: 'Accept-Encoding' } ]
48 verbose etag https://registry.npmjs.org/request from cache
49 verbose get saving request to /Users/muki/.npm/registry.npmjs.org/request/.cache.json
50 verbose correctMkdir /Users/muki/.npm correctMkdir not in flight; initializing
51 silly resolveWithNewModule request@2.79.0 checking installable status
52 silly cache add args [ 'request@^2.78.0', null ]
53 verbose cache add spec request@^2.78.0
54 silly cache add parsed spec Result {
54 silly cache add   raw: 'request@^2.78.0',
54 silly cache add   scope: null,
54 silly cache add   name: 'request',
54 silly cache add   rawSpec: '^2.78.0',
54 silly cache add   spec: '>=2.78.0 <3.0.0',
54 silly cache add   type: 'range' }
55 silly addNamed request@>=2.78.0 <3.0.0
56 verbose addNamed ">=2.78.0 <3.0.0" is a valid semver range for request
57 silly addNameRange { name: 'request', range: '>=2.78.0 <3.0.0', hasData: false }
58 silly mapToRegistry name request
59 silly mapToRegistry using default registry
60 silly mapToRegistry registry https://registry.npmjs.org/
61 silly mapToRegistry data Result {
61 silly mapToRegistry   raw: 'request',
61 silly mapToRegistry   scope: null,
61 silly mapToRegistry   name: 'request',
61 silly mapToRegistry   rawSpec: '',
61 silly mapToRegistry   spec: 'latest',
61 silly mapToRegistry   type: 'tag' }
62 silly mapToRegistry uri https://registry.npmjs.org/request
63 verbose addNameRange registry:https://registry.npmjs.org/request not in flight; fetching
64 verbose get https://registry.npmjs.org/request not expired, no request
65 silly addNameRange number 2 { name: 'request', range: '>=2.78.0 <3.0.0', hasData: true }
66 silly addNameRange versions [ 'request',
66 silly addNameRange   [ '0.10.0',
66 silly addNameRange     '0.8.3',
66 silly addNameRange     '0.9.0',
66 silly addNameRange     '0.9.1',
66 silly addNameRange     '0.9.5',
66 silly addNameRange     '1.0.0',
66 silly addNameRange     '1.1.0',
66 silly addNameRange     '1.1.1',
66 silly addNameRange     '1.2.0',
66 silly addNameRange     '1.9.0',
66 silly addNameRange     '1.9.1',
66 silly addNameRange     '1.9.2',
66 silly addNameRange     '1.9.3',
66 silly addNameRange     '1.9.5',
66 silly addNameRange     '1.9.7',
66 silly addNameRange     '1.9.8',
66 silly addNameRange     '1.9.9',
66 silly addNameRange     '2.0.0',
66 silly addNameRange     '2.0.1',
66 silly addNameRange     '2.0.2',
66 silly addNameRange     '2.0.3',
66 silly addNameRange     '2.0.4',
66 silly addNameRange     '2.0.5',
66 silly addNameRange     '2.1.0',
66 silly addNameRange     '2.1.1',
66 silly addNameRange     '2.2.0',
66 silly addNameRange     '2.2.5',
66 silly addNameRange     '2.2.6',
66 silly addNameRange     '2.2.9',
66 silly addNameRange     '2.9.0',
66 silly addNameRange     '2.9.1',
66 silly addNameRange     '2.9.2',
66 silly addNameRange     '2.9.3',
66 silly addNameRange     '2.9.100',
66 silly addNameRange     '2.9.150',
66 silly addNameRange     '2.9.151',
66 silly addNameRange     '2.9.152',
66 silly addNameRange     '2.9.153',
66 silly addNameRange     '2.9.200',
66 silly addNameRange     '2.9.201',
66 silly addNameRange     '2.9.202',
66 silly addNameRange     '2.9.203',
66 silly addNameRange     '2.10.0',
66 silly addNameRange     '2.11.0',
66 silly addNameRange     '2.11.1',
66 silly addNameRange     '2.11.2',
66 silly addNameRange     '2.11.3',
66 silly addNameRange     '2.11.4',
66 silly addNameRange     '2.12.0',
66 silly addNameRange     '2.14.0',
66 silly addNameRange     '2.16.0',
66 silly addNameRange     '2.16.2',
66 silly addNameRange     '2.16.4',
66 silly addNameRange     '2.16.6',
66 silly addNameRange     '2.18.0',
66 silly addNameRange     '2.19.0',
66 silly addNameRange     '2.20.0',
66 silly addNameRange     '2.21.0',
66 silly addNameRange     '2.22.0',
66 silly addNameRange     '2.23.0',
66 silly addNameRange     '2.24.0',
66 silly addNameRange     '2.25.0',
66 silly addNameRange     '2.26.0',
66 silly addNameRange     '2.27.0',
66 silly addNameRange     '2.28.0',
66 silly addNameRange     '2.29.0',
66 silly addNameRange     '2.30.0',
66 silly addNameRange     '2.31.0',
66 silly addNameRange     '2.32.0',
66 silly addNameRange     '2.33.0',
66 silly addNameRange     '2.34.0',
66 silly addNameRange     '2.35.0',
66 silly addNameRange     '2.36.0',
66 silly addNameRange     '2.37.0',
66 silly addNameRange     '2.38.0',
66 silly addNameRange     '2.39.0',
66 silly addNameRange     '2.40.0',
66 silly addNameRange     '2.41.0',
66 silly addNameRange     '2.42.0',
66 silly addNameRange     '2.43.0',
66 silly addNameRange     '2.44.0',
66 silly addNameRange     '2.45.0',
66 silly addNameRange     '2.46.0',
66 silly addNameRange     '2.47.0',
66 silly addNameRange     '2.48.0',
66 silly addNameRange     '2.49.0',
66 silly addNameRange     '2.50.0',
66 silly addNameRange     '2.51.0',
66 silly addNameRange     '2.52.0',
66 silly addNameRange     '2.53.0',
66 silly addNameRange     '2.54.0',
66 silly addNameRange     '2.55.0',
66 silly addNameRange     '2.56.0',
66 silly addNameRange     '2.57.0',
66 silly addNameRange     '2.58.0',
66 silly addNameRange     '2.59.0',
66 silly addNameRange     '2.60.0',
66 silly addNameRange     '2.61.0',
66 silly addNameRange     '2.62.0',
66 silly addNameRange     '2.63.0',
66 silly addNameRange     '2.64.0',
66 silly addNameRange     '2.65.0',
66 silly addNameRange     '2.66.0',
66 silly addNameRange     '2.67.0',
66 silly addNameRange     '2.68.0',
66 silly addNameRange     '2.69.0',
66 silly addNameRange     '2.70.0',
66 silly addNameRange     '2.71.0',
66 silly addNameRange     '2.72.0',
66 silly addNameRange     '2.73.0',
66 silly addNameRange     '2.74.0',
66 silly addNameRange     '2.75.0',
66 silly addNameRange     '2.76.0',
66 silly addNameRange     '2.77.0',
66 silly addNameRange     '2.78.0',
66 silly addNameRange     '2.79.0' ] ]
67 silly addNamed request@2.79.0
68 verbose addNamed "2.79.0" is a plain semver version for request
69 silly cache afterAdd request@2.79.0
70 verbose afterAdd /Users/muki/.npm/request/2.79.0/package/package.json not in flight; writing
71 verbose correctMkdir /Users/muki/.npm correctMkdir not in flight; initializing
72 verbose afterAdd /Users/muki/.npm/request/2.79.0/package/package.json written
73 error git fetch -a origin (ssh://git@github.com/muki/parlassets.git) Permission denied (publickey).
73 error git fetch -a origin (ssh://git@github.com/muki/parlassets.git) fatal: Could not read from remote repository.
73 error git fetch -a origin (ssh://git@github.com/muki/parlassets.git)
73 error git fetch -a origin (ssh://git@github.com/muki/parlassets.git) Please make sure you have the correct access rights
73 error git fetch -a origin (ssh://git@github.com/muki/parlassets.git) and the repository exists.
74 silly fetchPackageMetaData Error: Command failed: git fetch -a origin
74 silly fetchPackageMetaData Permission denied (publickey).
74 silly fetchPackageMetaData fatal: Could not read from remote repository.
74 silly fetchPackageMetaData
74 silly fetchPackageMetaData Please make sure you have the correct access rights
74 silly fetchPackageMetaData and the repository exists.
74 silly fetchPackageMetaData
74 silly fetchPackageMetaData     at ChildProcess.exithandler (child_process.js:202:12)
74 silly fetchPackageMetaData     at emitTwo (events.js:100:13)
74 silly fetchPackageMetaData     at ChildProcess.emit (events.js:185:7)
74 silly fetchPackageMetaData     at maybeClose (internal/child_process.js:850:16)
74 silly fetchPackageMetaData     at Socket.<anonymous> (internal/child_process.js:323:11)
74 silly fetchPackageMetaData     at emitOne (events.js:90:13)
74 silly fetchPackageMetaData     at Socket.emit (events.js:182:7)
74 silly fetchPackageMetaData     at Pipe._onclose (net.js:477:12)
74 silly fetchPackageMetaData  error for parlassets@git+ssh://git@github.com/muki/parlassets.git { [Error: Command failed: git fetch -a origin
74 silly fetchPackageMetaData Permission denied (publickey).
74 silly fetchPackageMetaData fatal: Could not read from remote repository.
74 silly fetchPackageMetaData
74 silly fetchPackageMetaData Please make sure you have the correct access rights
74 silly fetchPackageMetaData and the repository exists.
74 silly fetchPackageMetaData ]
74 silly fetchPackageMetaData   killed: false,
74 silly fetchPackageMetaData   code: 128,
74 silly fetchPackageMetaData   signal: null,
74 silly fetchPackageMetaData   cmd: 'git fetch -a origin' }
75 silly rollbackFailedOptional Starting
76 silly rollbackFailedOptional Finishing
77 silly runTopLevelLifecycles Starting
78 silly runTopLevelLifecycles Finishing
79 silly install printInstalled
80 verbose stack Error: Command failed: git fetch -a origin
80 verbose stack Permission denied (publickey).
80 verbose stack fatal: Could not read from remote repository.
80 verbose stack
80 verbose stack Please make sure you have the correct access rights
80 verbose stack and the repository exists.
80 verbose stack
80 verbose stack     at ChildProcess.exithandler (child_process.js:202:12)
80 verbose stack     at emitTwo (events.js:100:13)
80 verbose stack     at ChildProcess.emit (events.js:185:7)
80 verbose stack     at maybeClose (internal/child_process.js:850:16)
80 verbose stack     at Socket.<anonymous> (internal/child_process.js:323:11)
80 verbose stack     at emitOne (events.js:90:13)
80 verbose stack     at Socket.emit (events.js:182:7)
80 verbose stack     at Pipe._onclose (net.js:477:12)
81 verbose cwd /Users/muki/code/djnd/parlacards/s/nastopi-v-katerih-je-bil-iskalni-niz-izrecen
82 error Darwin 15.6.0
83 error argv "/usr/local/bin/node" "/usr/local/bin/npm" "install"
84 error node v5.10.0
85 error npm  v3.8.3
86 error code 128
87 error Command failed: git fetch -a origin
87 error Permission denied (publickey).
87 error fatal: Could not read from remote repository.
87 error
87 error Please make sure you have the correct access rights
87 error and the repository exists.
88 error If you need help, you may report this error at:
88 error     <https://github.com/npm/npm/issues>
89 verbose exit [ 1, true ]
