0 info it worked if it ends with ok
1 verbose cli [ '/usr/local/bin/node', '/usr/local/bin/npm', 'update' ]
2 info using npm@3.8.3
3 info using node@v5.10.0
4 silly mapToRegistry name browser-sync
5 silly mapToRegistry using default registry
6 silly mapToRegistry registry https://registry.npmjs.org/
7 silly mapToRegistry data Result {
7 silly mapToRegistry   raw: 'browser-sync',
7 silly mapToRegistry   scope: null,
7 silly mapToRegistry   name: 'browser-sync',
7 silly mapToRegistry   rawSpec: '',
7 silly mapToRegistry   spec: 'latest',
7 silly mapToRegistry   type: 'tag' }
8 silly mapToRegistry uri https://registry.npmjs.org/browser-sync
9 silly mapToRegistry name del
10 silly mapToRegistry using default registry
11 silly mapToRegistry registry https://registry.npmjs.org/
12 silly mapToRegistry data Result {
12 silly mapToRegistry   raw: 'del',
12 silly mapToRegistry   scope: null,
12 silly mapToRegistry   name: 'del',
12 silly mapToRegistry   rawSpec: '',
12 silly mapToRegistry   spec: 'latest',
12 silly mapToRegistry   type: 'tag' }
13 silly mapToRegistry uri https://registry.npmjs.org/del
14 silly mapToRegistry name gulp
15 silly mapToRegistry using default registry
16 silly mapToRegistry registry https://registry.npmjs.org/
17 silly mapToRegistry data Result {
17 silly mapToRegistry   raw: 'gulp',
17 silly mapToRegistry   scope: null,
17 silly mapToRegistry   name: 'gulp',
17 silly mapToRegistry   rawSpec: '',
17 silly mapToRegistry   spec: 'latest',
17 silly mapToRegistry   type: 'tag' }
18 silly mapToRegistry uri https://registry.npmjs.org/gulp
19 silly mapToRegistry name gulp-clean-css
20 silly mapToRegistry using default registry
21 silly mapToRegistry registry https://registry.npmjs.org/
22 silly mapToRegistry data Result {
22 silly mapToRegistry   raw: 'gulp-clean-css',
22 silly mapToRegistry   scope: null,
22 silly mapToRegistry   name: 'gulp-clean-css',
22 silly mapToRegistry   rawSpec: '',
22 silly mapToRegistry   spec: 'latest',
22 silly mapToRegistry   type: 'tag' }
23 silly mapToRegistry uri https://registry.npmjs.org/gulp-clean-css
24 silly mapToRegistry name gulp-cssnano
25 silly mapToRegistry using default registry
26 silly mapToRegistry registry https://registry.npmjs.org/
27 silly mapToRegistry data Result {
27 silly mapToRegistry   raw: 'gulp-cssnano',
27 silly mapToRegistry   scope: null,
27 silly mapToRegistry   name: 'gulp-cssnano',
27 silly mapToRegistry   rawSpec: '',
27 silly mapToRegistry   spec: 'latest',
27 silly mapToRegistry   type: 'tag' }
28 silly mapToRegistry uri https://registry.npmjs.org/gulp-cssnano
29 silly mapToRegistry name gulp-debug
30 silly mapToRegistry using default registry
31 silly mapToRegistry registry https://registry.npmjs.org/
32 silly mapToRegistry data Result {
32 silly mapToRegistry   raw: 'gulp-debug',
32 silly mapToRegistry   scope: null,
32 silly mapToRegistry   name: 'gulp-debug',
32 silly mapToRegistry   rawSpec: '',
32 silly mapToRegistry   spec: 'latest',
32 silly mapToRegistry   type: 'tag' }
33 silly mapToRegistry uri https://registry.npmjs.org/gulp-debug
34 silly mapToRegistry name gulp-delete-lines
35 silly mapToRegistry using default registry
36 silly mapToRegistry registry https://registry.npmjs.org/
37 silly mapToRegistry data Result {
37 silly mapToRegistry   raw: 'gulp-delete-lines',
37 silly mapToRegistry   scope: null,
37 silly mapToRegistry   name: 'gulp-delete-lines',
37 silly mapToRegistry   rawSpec: '',
37 silly mapToRegistry   spec: 'latest',
37 silly mapToRegistry   type: 'tag' }
38 silly mapToRegistry uri https://registry.npmjs.org/gulp-delete-lines
39 silly mapToRegistry name gulp-ejs
40 silly mapToRegistry using default registry
41 silly mapToRegistry registry https://registry.npmjs.org/
42 silly mapToRegistry data Result {
42 silly mapToRegistry   raw: 'gulp-ejs',
42 silly mapToRegistry   scope: null,
42 silly mapToRegistry   name: 'gulp-ejs',
42 silly mapToRegistry   rawSpec: '',
42 silly mapToRegistry   spec: 'latest',
42 silly mapToRegistry   type: 'tag' }
43 silly mapToRegistry uri https://registry.npmjs.org/gulp-ejs
44 silly mapToRegistry name gulp-htmlmin
45 silly mapToRegistry using default registry
46 silly mapToRegistry registry https://registry.npmjs.org/
47 silly mapToRegistry data Result {
47 silly mapToRegistry   raw: 'gulp-htmlmin',
47 silly mapToRegistry   scope: null,
47 silly mapToRegistry   name: 'gulp-htmlmin',
47 silly mapToRegistry   rawSpec: '',
47 silly mapToRegistry   spec: 'latest',
47 silly mapToRegistry   type: 'tag' }
48 silly mapToRegistry uri https://registry.npmjs.org/gulp-htmlmin
49 silly mapToRegistry name gulp-if
50 silly mapToRegistry using default registry
51 silly mapToRegistry registry https://registry.npmjs.org/
52 silly mapToRegistry data Result {
52 silly mapToRegistry   raw: 'gulp-if',
52 silly mapToRegistry   scope: null,
52 silly mapToRegistry   name: 'gulp-if',
52 silly mapToRegistry   rawSpec: '',
52 silly mapToRegistry   spec: 'latest',
52 silly mapToRegistry   type: 'tag' }
53 silly mapToRegistry uri https://registry.npmjs.org/gulp-if
54 silly mapToRegistry name gulp-install
55 silly mapToRegistry using default registry
56 silly mapToRegistry registry https://registry.npmjs.org/
57 silly mapToRegistry data Result {
57 silly mapToRegistry   raw: 'gulp-install',
57 silly mapToRegistry   scope: null,
57 silly mapToRegistry   name: 'gulp-install',
57 silly mapToRegistry   rawSpec: '',
57 silly mapToRegistry   spec: 'latest',
57 silly mapToRegistry   type: 'tag' }
58 silly mapToRegistry uri https://registry.npmjs.org/gulp-install
59 silly mapToRegistry name gulp-rename
60 silly mapToRegistry using default registry
61 silly mapToRegistry registry https://registry.npmjs.org/
62 silly mapToRegistry data Result {
62 silly mapToRegistry   raw: 'gulp-rename',
62 silly mapToRegistry   scope: null,
62 silly mapToRegistry   name: 'gulp-rename',
62 silly mapToRegistry   rawSpec: '',
62 silly mapToRegistry   spec: 'latest',
62 silly mapToRegistry   type: 'tag' }
63 silly mapToRegistry uri https://registry.npmjs.org/gulp-rename
64 silly mapToRegistry name gulp-replace
65 silly mapToRegistry using default registry
66 silly mapToRegistry registry https://registry.npmjs.org/
67 silly mapToRegistry data Result {
67 silly mapToRegistry   raw: 'gulp-replace',
67 silly mapToRegistry   scope: null,
67 silly mapToRegistry   name: 'gulp-replace',
67 silly mapToRegistry   rawSpec: '',
67 silly mapToRegistry   spec: 'latest',
67 silly mapToRegistry   type: 'tag' }
68 silly mapToRegistry uri https://registry.npmjs.org/gulp-replace
69 silly mapToRegistry name gulp-sass
70 silly mapToRegistry using default registry
71 silly mapToRegistry registry https://registry.npmjs.org/
72 silly mapToRegistry data Result {
72 silly mapToRegistry   raw: 'gulp-sass',
72 silly mapToRegistry   scope: null,
72 silly mapToRegistry   name: 'gulp-sass',
72 silly mapToRegistry   rawSpec: '',
72 silly mapToRegistry   spec: 'latest',
72 silly mapToRegistry   type: 'tag' }
73 silly mapToRegistry uri https://registry.npmjs.org/gulp-sass
74 silly mapToRegistry name gulp-uglify
75 silly mapToRegistry using default registry
76 silly mapToRegistry registry https://registry.npmjs.org/
77 silly mapToRegistry data Result {
77 silly mapToRegistry   raw: 'gulp-uglify',
77 silly mapToRegistry   scope: null,
77 silly mapToRegistry   name: 'gulp-uglify',
77 silly mapToRegistry   rawSpec: '',
77 silly mapToRegistry   spec: 'latest',
77 silly mapToRegistry   type: 'tag' }
78 silly mapToRegistry uri https://registry.npmjs.org/gulp-uglify
79 silly mapToRegistry name gulp-useref
80 silly mapToRegistry using default registry
81 silly mapToRegistry registry https://registry.npmjs.org/
82 silly mapToRegistry data Result {
82 silly mapToRegistry   raw: 'gulp-useref',
82 silly mapToRegistry   scope: null,
82 silly mapToRegistry   name: 'gulp-useref',
82 silly mapToRegistry   rawSpec: '',
82 silly mapToRegistry   spec: 'latest',
82 silly mapToRegistry   type: 'tag' }
83 silly mapToRegistry uri https://registry.npmjs.org/gulp-useref
84 silly mapToRegistry name gulp-util
85 silly mapToRegistry using default registry
86 silly mapToRegistry registry https://registry.npmjs.org/
87 silly mapToRegistry data Result {
87 silly mapToRegistry   raw: 'gulp-util',
87 silly mapToRegistry   scope: null,
87 silly mapToRegistry   name: 'gulp-util',
87 silly mapToRegistry   rawSpec: '',
87 silly mapToRegistry   spec: 'latest',
87 silly mapToRegistry   type: 'tag' }
88 silly mapToRegistry uri https://registry.npmjs.org/gulp-util
89 silly mapToRegistry name gulp-wrap
90 silly mapToRegistry using default registry
91 silly mapToRegistry registry https://registry.npmjs.org/
92 silly mapToRegistry data Result {
92 silly mapToRegistry   raw: 'gulp-wrap',
92 silly mapToRegistry   scope: null,
92 silly mapToRegistry   name: 'gulp-wrap',
92 silly mapToRegistry   rawSpec: '',
92 silly mapToRegistry   spec: 'latest',
92 silly mapToRegistry   type: 'tag' }
93 silly mapToRegistry uri https://registry.npmjs.org/gulp-wrap
94 silly mapToRegistry name minimist
95 silly mapToRegistry using default registry
96 silly mapToRegistry registry https://registry.npmjs.org/
97 silly mapToRegistry data Result {
97 silly mapToRegistry   raw: 'minimist',
97 silly mapToRegistry   scope: null,
97 silly mapToRegistry   name: 'minimist',
97 silly mapToRegistry   rawSpec: '',
97 silly mapToRegistry   spec: 'latest',
97 silly mapToRegistry   type: 'tag' }
98 silly mapToRegistry uri https://registry.npmjs.org/minimist
99 silly mapToRegistry name run-sequence
100 silly mapToRegistry using default registry
101 silly mapToRegistry registry https://registry.npmjs.org/
102 silly mapToRegistry data Result {
102 silly mapToRegistry   raw: 'run-sequence',
102 silly mapToRegistry   scope: null,
102 silly mapToRegistry   name: 'run-sequence',
102 silly mapToRegistry   rawSpec: '',
102 silly mapToRegistry   spec: 'latest',
102 silly mapToRegistry   type: 'tag' }
103 silly mapToRegistry uri https://registry.npmjs.org/run-sequence
104 silly mapToRegistry name request
105 silly mapToRegistry using default registry
106 silly mapToRegistry registry https://registry.npmjs.org/
107 silly mapToRegistry data Result {
107 silly mapToRegistry   raw: 'request',
107 silly mapToRegistry   scope: null,
107 silly mapToRegistry   name: 'request',
107 silly mapToRegistry   rawSpec: '',
107 silly mapToRegistry   spec: 'latest',
107 silly mapToRegistry   type: 'tag' }
108 silly mapToRegistry uri https://registry.npmjs.org/request
109 verbose request uri https://registry.npmjs.org/del
110 verbose request no auth needed
111 info attempt registry request try #1 at 06:01:00
112 verbose request id f9ea40041bef0a8b
113 verbose etag W/"5837f377-71ee"
114 verbose lastModified Fri, 25 Nov 2016 08:16:55 GMT
115 http request GET https://registry.npmjs.org/del
116 verbose request uri https://registry.npmjs.org/gulp
117 verbose request no auth needed
118 info attempt registry request try #1 at 06:01:00
119 verbose etag W/"58392d78-1c8a8"
120 verbose lastModified Sat, 26 Nov 2016 06:36:40 GMT
121 http request GET https://registry.npmjs.org/gulp
122 verbose request uri https://registry.npmjs.org/gulp-clean-css
123 verbose request no auth needed
124 info attempt registry request try #1 at 06:01:00
125 verbose etag W/"583a39fa-7ea3"
126 verbose lastModified Sun, 27 Nov 2016 01:42:18 GMT
127 http request GET https://registry.npmjs.org/gulp-clean-css
128 verbose request uri https://registry.npmjs.org/browser-sync
129 verbose request no auth needed
130 info attempt registry request try #1 at 06:01:00
131 verbose etag W/"5837b031-7d89e"
132 verbose lastModified Fri, 25 Nov 2016 03:29:53 GMT
133 http request GET https://registry.npmjs.org/browser-sync
134 verbose request uri https://registry.npmjs.org/gulp-cssnano
135 verbose request no auth needed
136 info attempt registry request try #1 at 06:01:00
137 verbose etag W/"5837f2fb-3054"
138 verbose lastModified Fri, 25 Nov 2016 08:14:51 GMT
139 http request GET https://registry.npmjs.org/gulp-cssnano
140 verbose request uri https://registry.npmjs.org/gulp-debug
141 verbose request no auth needed
142 info attempt registry request try #1 at 06:01:00
143 verbose etag W/"58372db8-4fd8"
144 verbose lastModified Thu, 24 Nov 2016 18:13:12 GMT
145 http request GET https://registry.npmjs.org/gulp-debug
146 verbose request uri https://registry.npmjs.org/gulp-delete-lines
147 verbose request no auth needed
148 info attempt registry request try #1 at 06:01:00
149 verbose etag W/"57f57ba3-30ba"
150 verbose lastModified Wed, 05 Oct 2016 22:16:03 GMT
151 http request GET https://registry.npmjs.org/gulp-delete-lines
152 verbose request uri https://registry.npmjs.org/gulp-htmlmin
153 verbose request no auth needed
154 info attempt registry request try #1 at 06:01:00
155 verbose etag W/"583712c3-6849"
156 verbose lastModified Thu, 24 Nov 2016 16:18:11 GMT
157 http request GET https://registry.npmjs.org/gulp-htmlmin
158 verbose request uri https://registry.npmjs.org/gulp-ejs
159 verbose request no auth needed
160 info attempt registry request try #1 at 06:01:00
161 verbose etag W/"57ea9204-8b70"
162 verbose lastModified Tue, 27 Sep 2016 15:36:36 GMT
163 http request GET https://registry.npmjs.org/gulp-ejs
164 verbose request uri https://registry.npmjs.org/gulp-if
165 verbose request no auth needed
166 info attempt registry request try #1 at 06:01:00
167 verbose etag W/"582ee398-6a51"
168 verbose lastModified Fri, 18 Nov 2016 11:18:48 GMT
169 http request GET https://registry.npmjs.org/gulp-if
170 verbose request uri https://registry.npmjs.org/gulp-install
171 verbose request no auth needed
172 info attempt registry request try #1 at 06:01:00
173 verbose etag W/"582e00c5-49a2"
174 verbose lastModified Thu, 17 Nov 2016 19:11:01 GMT
175 http request GET https://registry.npmjs.org/gulp-install
176 verbose request uri https://registry.npmjs.org/gulp-rename
177 verbose request no auth needed
178 info attempt registry request try #1 at 06:01:00
179 verbose etag W/"5837f30b-3adc"
180 verbose lastModified Fri, 25 Nov 2016 08:15:07 GMT
181 http request GET https://registry.npmjs.org/gulp-rename
182 verbose request uri https://registry.npmjs.org/gulp-replace
183 verbose request no auth needed
184 info attempt registry request try #1 at 06:01:00
185 verbose etag W/"58369de0-370c"
186 verbose lastModified Thu, 24 Nov 2016 07:59:28 GMT
187 http request GET https://registry.npmjs.org/gulp-replace
188 verbose request uri https://registry.npmjs.org/gulp-sass
189 verbose request no auth needed
190 info attempt registry request try #1 at 06:01:00
191 verbose etag W/"58399f3b-d8f4"
192 verbose lastModified Sat, 26 Nov 2016 14:42:03 GMT
193 http request GET https://registry.npmjs.org/gulp-sass
194 verbose request uri https://registry.npmjs.org/gulp-uglify
195 verbose request no auth needed
196 info attempt registry request try #1 at 06:01:00
197 verbose etag W/"583a39bc-ba45"
198 verbose lastModified Sun, 27 Nov 2016 01:41:16 GMT
199 http request GET https://registry.npmjs.org/gulp-uglify
200 verbose request uri https://registry.npmjs.org/gulp-useref
201 verbose request no auth needed
202 info attempt registry request try #1 at 06:01:00
203 verbose etag W/"5837f019-10361"
204 verbose lastModified Fri, 25 Nov 2016 08:02:33 GMT
205 http request GET https://registry.npmjs.org/gulp-useref
206 verbose request uri https://registry.npmjs.org/gulp-util
207 verbose request no auth needed
208 info attempt registry request try #1 at 06:01:00
209 verbose etag W/"582e796c-f52c"
210 verbose lastModified Fri, 18 Nov 2016 03:45:48 GMT
211 http request GET https://registry.npmjs.org/gulp-util
212 verbose request uri https://registry.npmjs.org/minimist
213 verbose request no auth needed
214 info attempt registry request try #1 at 06:01:00
215 verbose etag W/"58438859-7216"
216 verbose lastModified Sun, 04 Dec 2016 03:07:05 GMT
217 http request GET https://registry.npmjs.org/minimist
218 verbose request uri https://registry.npmjs.org/gulp-wrap
219 verbose request no auth needed
220 info attempt registry request try #1 at 06:01:00
221 verbose etag W/"57fa0fcd-6714"
222 verbose lastModified Sun, 09 Oct 2016 09:37:17 GMT
223 http request GET https://registry.npmjs.org/gulp-wrap
224 verbose request uri https://registry.npmjs.org/run-sequence
225 verbose request no auth needed
226 info attempt registry request try #1 at 06:01:00
227 verbose etag W/"583a490f-78bb"
228 verbose lastModified Sun, 27 Nov 2016 02:46:39 GMT
229 http request GET https://registry.npmjs.org/run-sequence
230 verbose request uri https://registry.npmjs.org/request
231 verbose request no auth needed
232 info attempt registry request try #1 at 06:01:00
233 verbose etag W/"58440e6d-34ec3"
234 verbose lastModified Sun, 04 Dec 2016 12:39:09 GMT
235 http request GET https://registry.npmjs.org/request
236 http 304 https://registry.npmjs.org/gulp-cssnano
237 verbose headers { date: 'Mon, 05 Dec 2016 05:01:00 GMT',
237 verbose headers   via: '1.1 varnish',
237 verbose headers   'cache-control': 'max-age=300',
237 verbose headers   etag: 'W/"5837f2fb-3054"',
237 verbose headers   age: '232',
237 verbose headers   connection: 'keep-alive',
237 verbose headers   'x-served-by': 'cache-ams4440-AMS',
237 verbose headers   'x-cache': 'HIT',
237 verbose headers   'x-cache-hits': '1',
237 verbose headers   'x-timer': 'S1480914060.677312,VS0,VE0',
237 verbose headers   vary: 'Accept-Encoding' }
238 silly get cb [ 304,
238 silly get   { date: 'Mon, 05 Dec 2016 05:01:00 GMT',
238 silly get     via: '1.1 varnish',
238 silly get     'cache-control': 'max-age=300',
238 silly get     etag: 'W/"5837f2fb-3054"',
238 silly get     age: '232',
238 silly get     connection: 'keep-alive',
238 silly get     'x-served-by': 'cache-ams4440-AMS',
238 silly get     'x-cache': 'HIT',
238 silly get     'x-cache-hits': '1',
238 silly get     'x-timer': 'S1480914060.677312,VS0,VE0',
238 silly get     vary: 'Accept-Encoding' } ]
239 verbose etag https://registry.npmjs.org/gulp-cssnano from cache
240 verbose get saving gulp-cssnano to /Users/muki/.npm/registry.npmjs.org/gulp-cssnano/.cache.json
241 verbose correctMkdir /Users/muki/.npm correctMkdir not in flight; initializing
242 http 304 https://registry.npmjs.org/gulp-htmlmin
243 verbose headers { date: 'Mon, 05 Dec 2016 05:01:00 GMT',
243 verbose headers   via: '1.1 varnish',
243 verbose headers   'cache-control': 'max-age=300',
243 verbose headers   etag: 'W/"583712c3-6849"',
243 verbose headers   age: '232',
243 verbose headers   connection: 'keep-alive',
243 verbose headers   'x-served-by': 'cache-ams4129-AMS',
243 verbose headers   'x-cache': 'HIT',
243 verbose headers   'x-cache-hits': '1',
243 verbose headers   'x-timer': 'S1480914060.677008,VS0,VE0',
243 verbose headers   vary: 'Accept-Encoding' }
244 silly get cb [ 304,
244 silly get   { date: 'Mon, 05 Dec 2016 05:01:00 GMT',
244 silly get     via: '1.1 varnish',
244 silly get     'cache-control': 'max-age=300',
244 silly get     etag: 'W/"583712c3-6849"',
244 silly get     age: '232',
244 silly get     connection: 'keep-alive',
244 silly get     'x-served-by': 'cache-ams4129-AMS',
244 silly get     'x-cache': 'HIT',
244 silly get     'x-cache-hits': '1',
244 silly get     'x-timer': 'S1480914060.677008,VS0,VE0',
244 silly get     vary: 'Accept-Encoding' } ]
245 verbose etag https://registry.npmjs.org/gulp-htmlmin from cache
246 verbose get saving gulp-htmlmin to /Users/muki/.npm/registry.npmjs.org/gulp-htmlmin/.cache.json
247 verbose correctMkdir /Users/muki/.npm correctMkdir already in flight; waiting
248 http 200 https://registry.npmjs.org/del
249 verbose headers { server: 'nginx/1.10.1',
249 verbose headers   'content-type': 'application/json',
249 verbose headers   'last-modified': 'Thu, 01 Dec 2016 14:42:05 GMT',
249 verbose headers   etag: 'W/"584036bd-7200"',
249 verbose headers   'content-encoding': 'gzip',
249 verbose headers   'cache-control': 'max-age=300',
249 verbose headers   'content-length': '5223',
249 verbose headers   'accept-ranges': 'bytes',
249 verbose headers   date: 'Mon, 05 Dec 2016 05:01:00 GMT',
249 verbose headers   via: '1.1 varnish',
249 verbose headers   age: '159',
249 verbose headers   connection: 'keep-alive',
249 verbose headers   'x-served-by': 'cache-ams4135-AMS',
249 verbose headers   'x-cache': 'HIT',
249 verbose headers   'x-cache-hits': '1',
249 verbose headers   'x-timer': 'S1480914060.676955,VS0,VE0',
249 verbose headers   vary: 'Accept-Encoding' }
250 silly get cb [ 200,
250 silly get   { server: 'nginx/1.10.1',
250 silly get     'content-type': 'application/json',
250 silly get     'last-modified': 'Thu, 01 Dec 2016 14:42:05 GMT',
250 silly get     etag: 'W/"584036bd-7200"',
250 silly get     'content-encoding': 'gzip',
250 silly get     'cache-control': 'max-age=300',
250 silly get     'content-length': '5223',
250 silly get     'accept-ranges': 'bytes',
250 silly get     date: 'Mon, 05 Dec 2016 05:01:00 GMT',
250 silly get     via: '1.1 varnish',
250 silly get     age: '159',
250 silly get     connection: 'keep-alive',
250 silly get     'x-served-by': 'cache-ams4135-AMS',
250 silly get     'x-cache': 'HIT',
250 silly get     'x-cache-hits': '1',
250 silly get     'x-timer': 'S1480914060.676955,VS0,VE0',
250 silly get     vary: 'Accept-Encoding' } ]
251 verbose get saving del to /Users/muki/.npm/registry.npmjs.org/del/.cache.json
252 verbose correctMkdir /Users/muki/.npm correctMkdir not in flight; initializing
253 http 200 https://registry.npmjs.org/gulp-if
254 verbose headers { server: 'nginx/1.10.1',
254 verbose headers   'content-type': 'application/json',
254 verbose headers   'last-modified': 'Fri, 02 Dec 2016 09:44:07 GMT',
254 verbose headers   etag: 'W/"58414267-6a63"',
254 verbose headers   'content-encoding': 'gzip',
254 verbose headers   'cache-control': 'max-age=300',
254 verbose headers   'content-length': '5910',
254 verbose headers   'accept-ranges': 'bytes',
254 verbose headers   date: 'Mon, 05 Dec 2016 05:01:00 GMT',
254 verbose headers   via: '1.1 varnish',
254 verbose headers   age: '49',
254 verbose headers   connection: 'keep-alive',
254 verbose headers   'x-served-by': 'cache-ams4124-AMS',
254 verbose headers   'x-cache': 'HIT',
254 verbose headers   'x-cache-hits': '1',
254 verbose headers   'x-timer': 'S1480914060.676915,VS0,VE0',
254 verbose headers   vary: 'Accept-Encoding' }
255 silly get cb [ 200,
255 silly get   { server: 'nginx/1.10.1',
255 silly get     'content-type': 'application/json',
255 silly get     'last-modified': 'Fri, 02 Dec 2016 09:44:07 GMT',
255 silly get     etag: 'W/"58414267-6a63"',
255 silly get     'content-encoding': 'gzip',
255 silly get     'cache-control': 'max-age=300',
255 silly get     'content-length': '5910',
255 silly get     'accept-ranges': 'bytes',
255 silly get     date: 'Mon, 05 Dec 2016 05:01:00 GMT',
255 silly get     via: '1.1 varnish',
255 silly get     age: '49',
255 silly get     connection: 'keep-alive',
255 silly get     'x-served-by': 'cache-ams4124-AMS',
255 silly get     'x-cache': 'HIT',
255 silly get     'x-cache-hits': '1',
255 silly get     'x-timer': 'S1480914060.676915,VS0,VE0',
255 silly get     vary: 'Accept-Encoding' } ]
256 verbose get saving gulp-if to /Users/muki/.npm/registry.npmjs.org/gulp-if/.cache.json
257 verbose correctMkdir /Users/muki/.npm correctMkdir not in flight; initializing
258 http 304 https://registry.npmjs.org/gulp-replace
259 verbose headers { date: 'Mon, 05 Dec 2016 05:01:00 GMT',
259 verbose headers   via: '1.1 varnish',
259 verbose headers   'cache-control': 'max-age=300',
259 verbose headers   etag: 'W/"58369de0-370c"',
259 verbose headers   age: '1',
259 verbose headers   connection: 'keep-alive',
259 verbose headers   'x-served-by': 'cache-ams4441-AMS',
259 verbose headers   'x-cache': 'HIT',
259 verbose headers   'x-cache-hits': '1',
259 verbose headers   'x-timer': 'S1480914060.678417,VS0,VE0',
259 verbose headers   vary: 'Accept-Encoding' }
260 silly get cb [ 304,
260 silly get   { date: 'Mon, 05 Dec 2016 05:01:00 GMT',
260 silly get     via: '1.1 varnish',
260 silly get     'cache-control': 'max-age=300',
260 silly get     etag: 'W/"58369de0-370c"',
260 silly get     age: '1',
260 silly get     connection: 'keep-alive',
260 silly get     'x-served-by': 'cache-ams4441-AMS',
260 silly get     'x-cache': 'HIT',
260 silly get     'x-cache-hits': '1',
260 silly get     'x-timer': 'S1480914060.678417,VS0,VE0',
260 silly get     vary: 'Accept-Encoding' } ]
261 verbose etag https://registry.npmjs.org/gulp-replace from cache
262 verbose get saving gulp-replace to /Users/muki/.npm/registry.npmjs.org/gulp-replace/.cache.json
263 verbose correctMkdir /Users/muki/.npm correctMkdir not in flight; initializing
264 http 304 https://registry.npmjs.org/gulp-debug
265 verbose headers { date: 'Mon, 05 Dec 2016 05:01:00 GMT',
265 verbose headers   via: '1.1 varnish',
265 verbose headers   'cache-control': 'max-age=300',
265 verbose headers   etag: 'W/"58372db8-4fd8"',
265 verbose headers   age: '122',
265 verbose headers   connection: 'keep-alive',
265 verbose headers   'x-served-by': 'cache-ams4446-AMS',
265 verbose headers   'x-cache': 'HIT',
265 verbose headers   'x-cache-hits': '1',
265 verbose headers   'x-timer': 'S1480914060.676579,VS0,VE0',
265 verbose headers   vary: 'Accept-Encoding' }
266 silly get cb [ 304,
266 silly get   { date: 'Mon, 05 Dec 2016 05:01:00 GMT',
266 silly get     via: '1.1 varnish',
266 silly get     'cache-control': 'max-age=300',
266 silly get     etag: 'W/"58372db8-4fd8"',
266 silly get     age: '122',
266 silly get     connection: 'keep-alive',
266 silly get     'x-served-by': 'cache-ams4446-AMS',
266 silly get     'x-cache': 'HIT',
266 silly get     'x-cache-hits': '1',
266 silly get     'x-timer': 'S1480914060.676579,VS0,VE0',
266 silly get     vary: 'Accept-Encoding' } ]
267 verbose etag https://registry.npmjs.org/gulp-debug from cache
268 verbose get saving gulp-debug to /Users/muki/.npm/registry.npmjs.org/gulp-debug/.cache.json
269 verbose correctMkdir /Users/muki/.npm correctMkdir not in flight; initializing
270 http 200 https://registry.npmjs.org/run-sequence
271 verbose headers { server: 'nginx/1.10.1',
271 verbose headers   'content-type': 'application/json',
271 verbose headers   'last-modified': 'Mon, 28 Nov 2016 09:12:47 GMT',
271 verbose headers   etag: 'W/"583bf50f-78cc"',
271 verbose headers   'content-encoding': 'gzip',
271 verbose headers   'cache-control': 'max-age=300',
271 verbose headers   'content-length': '5782',
271 verbose headers   'accept-ranges': 'bytes',
271 verbose headers   date: 'Mon, 05 Dec 2016 05:01:00 GMT',
271 verbose headers   via: '1.1 varnish',
271 verbose headers   age: '24',
271 verbose headers   connection: 'keep-alive',
271 verbose headers   'x-served-by': 'cache-ams4430-AMS',
271 verbose headers   'x-cache': 'HIT',
271 verbose headers   'x-cache-hits': '1',
271 verbose headers   'x-timer': 'S1480914060.676934,VS0,VE0',
271 verbose headers   vary: 'Accept-Encoding' }
272 silly get cb [ 200,
272 silly get   { server: 'nginx/1.10.1',
272 silly get     'content-type': 'application/json',
272 silly get     'last-modified': 'Mon, 28 Nov 2016 09:12:47 GMT',
272 silly get     etag: 'W/"583bf50f-78cc"',
272 silly get     'content-encoding': 'gzip',
272 silly get     'cache-control': 'max-age=300',
272 silly get     'content-length': '5782',
272 silly get     'accept-ranges': 'bytes',
272 silly get     date: 'Mon, 05 Dec 2016 05:01:00 GMT',
272 silly get     via: '1.1 varnish',
272 silly get     age: '24',
272 silly get     connection: 'keep-alive',
272 silly get     'x-served-by': 'cache-ams4430-AMS',
272 silly get     'x-cache': 'HIT',
272 silly get     'x-cache-hits': '1',
272 silly get     'x-timer': 'S1480914060.676934,VS0,VE0',
272 silly get     vary: 'Accept-Encoding' } ]
273 verbose get saving run-sequence to /Users/muki/.npm/registry.npmjs.org/run-sequence/.cache.json
274 verbose correctMkdir /Users/muki/.npm correctMkdir not in flight; initializing
275 http 304 https://registry.npmjs.org/gulp-install
276 verbose headers { date: 'Mon, 05 Dec 2016 05:01:00 GMT',
276 verbose headers   via: '1.1 varnish',
276 verbose headers   'cache-control': 'max-age=300',
276 verbose headers   etag: 'W/"582e00c5-49a2"',
276 verbose headers   age: '207',
276 verbose headers   connection: 'keep-alive',
276 verbose headers   'x-served-by': 'cache-ams4131-AMS',
276 verbose headers   'x-cache': 'HIT',
276 verbose headers   'x-cache-hits': '1',
276 verbose headers   'x-timer': 'S1480914060.677799,VS0,VE0',
276 verbose headers   vary: 'Accept-Encoding' }
277 silly get cb [ 304,
277 silly get   { date: 'Mon, 05 Dec 2016 05:01:00 GMT',
277 silly get     via: '1.1 varnish',
277 silly get     'cache-control': 'max-age=300',
277 silly get     etag: 'W/"582e00c5-49a2"',
277 silly get     age: '207',
277 silly get     connection: 'keep-alive',
277 silly get     'x-served-by': 'cache-ams4131-AMS',
277 silly get     'x-cache': 'HIT',
277 silly get     'x-cache-hits': '1',
277 silly get     'x-timer': 'S1480914060.677799,VS0,VE0',
277 silly get     vary: 'Accept-Encoding' } ]
278 verbose etag https://registry.npmjs.org/gulp-install from cache
279 verbose get saving gulp-install to /Users/muki/.npm/registry.npmjs.org/gulp-install/.cache.json
280 verbose correctMkdir /Users/muki/.npm correctMkdir not in flight; initializing
281 http 200 https://registry.npmjs.org/gulp-uglify
282 verbose headers { server: 'nginx/1.10.1',
282 verbose headers   'content-type': 'application/json',
282 verbose headers   'last-modified': 'Sat, 03 Dec 2016 15:38:34 GMT',
282 verbose headers   etag: 'W/"5842e6fa-ba77"',
282 verbose headers   'content-encoding': 'gzip',
282 verbose headers   'cache-control': 'max-age=300',
282 verbose headers   'content-length': '9027',
282 verbose headers   'accept-ranges': 'bytes',
282 verbose headers   date: 'Mon, 05 Dec 2016 05:01:00 GMT',
282 verbose headers   via: '1.1 varnish',
282 verbose headers   age: '43',
282 verbose headers   connection: 'keep-alive',
282 verbose headers   'x-served-by': 'cache-ams4422-AMS',
282 verbose headers   'x-cache': 'HIT',
282 verbose headers   'x-cache-hits': '1',
282 verbose headers   'x-timer': 'S1480914060.678034,VS0,VE0',
282 verbose headers   vary: 'Accept-Encoding' }
283 silly get cb [ 200,
283 silly get   { server: 'nginx/1.10.1',
283 silly get     'content-type': 'application/json',
283 silly get     'last-modified': 'Sat, 03 Dec 2016 15:38:34 GMT',
283 silly get     etag: 'W/"5842e6fa-ba77"',
283 silly get     'content-encoding': 'gzip',
283 silly get     'cache-control': 'max-age=300',
283 silly get     'content-length': '9027',
283 silly get     'accept-ranges': 'bytes',
283 silly get     date: 'Mon, 05 Dec 2016 05:01:00 GMT',
283 silly get     via: '1.1 varnish',
283 silly get     age: '43',
283 silly get     connection: 'keep-alive',
283 silly get     'x-served-by': 'cache-ams4422-AMS',
283 silly get     'x-cache': 'HIT',
283 silly get     'x-cache-hits': '1',
283 silly get     'x-timer': 'S1480914060.678034,VS0,VE0',
283 silly get     vary: 'Accept-Encoding' } ]
284 verbose get saving gulp-uglify to /Users/muki/.npm/registry.npmjs.org/gulp-uglify/.cache.json
285 verbose correctMkdir /Users/muki/.npm correctMkdir not in flight; initializing
286 http 200 https://registry.npmjs.org/gulp-sass
287 verbose headers { server: 'nginx/1.10.1',
287 verbose headers   'content-type': 'application/json',
287 verbose headers   'last-modified': 'Sun, 04 Dec 2016 19:52:21 GMT',
287 verbose headers   etag: 'W/"584473f5-d939"',
287 verbose headers   'content-encoding': 'gzip',
287 verbose headers   'cache-control': 'max-age=300',
287 verbose headers   'content-length': '9015',
287 verbose headers   'accept-ranges': 'bytes',
287 verbose headers   date: 'Mon, 05 Dec 2016 05:01:00 GMT',
287 verbose headers   via: '1.1 varnish',
287 verbose headers   age: '21',
287 verbose headers   connection: 'keep-alive',
287 verbose headers   'x-served-by': 'cache-ams4448-AMS',
287 verbose headers   'x-cache': 'HIT',
287 verbose headers   'x-cache-hits': '1',
287 verbose headers   'x-timer': 'S1480914060.677524,VS0,VE0',
287 verbose headers   vary: 'Accept-Encoding' }
288 silly get cb [ 200,
288 silly get   { server: 'nginx/1.10.1',
288 silly get     'content-type': 'application/json',
288 silly get     'last-modified': 'Sun, 04 Dec 2016 19:52:21 GMT',
288 silly get     etag: 'W/"584473f5-d939"',
288 silly get     'content-encoding': 'gzip',
288 silly get     'cache-control': 'max-age=300',
288 silly get     'content-length': '9015',
288 silly get     'accept-ranges': 'bytes',
288 silly get     date: 'Mon, 05 Dec 2016 05:01:00 GMT',
288 silly get     via: '1.1 varnish',
288 silly get     age: '21',
288 silly get     connection: 'keep-alive',
288 silly get     'x-served-by': 'cache-ams4448-AMS',
288 silly get     'x-cache': 'HIT',
288 silly get     'x-cache-hits': '1',
288 silly get     'x-timer': 'S1480914060.677524,VS0,VE0',
288 silly get     vary: 'Accept-Encoding' } ]
289 verbose get saving gulp-sass to /Users/muki/.npm/registry.npmjs.org/gulp-sass/.cache.json
290 verbose correctMkdir /Users/muki/.npm correctMkdir not in flight; initializing
291 http 304 https://registry.npmjs.org/request
292 verbose headers { date: 'Mon, 05 Dec 2016 05:01:00 GMT',
292 verbose headers   via: '1.1 varnish',
292 verbose headers   'cache-control': 'max-age=300',
292 verbose headers   etag: 'W/"58440e6d-34ec3"',
292 verbose headers   age: '12',
292 verbose headers   connection: 'keep-alive',
292 verbose headers   'x-served-by': 'cache-ams4449-AMS',
292 verbose headers   'x-cache': 'HIT',
292 verbose headers   'x-cache-hits': '1',
292 verbose headers   'x-timer': 'S1480914060.687698,VS0,VE0',
292 verbose headers   vary: 'Accept-Encoding' }
293 silly get cb [ 304,
293 silly get   { date: 'Mon, 05 Dec 2016 05:01:00 GMT',
293 silly get     via: '1.1 varnish',
293 silly get     'cache-control': 'max-age=300',
293 silly get     etag: 'W/"58440e6d-34ec3"',
293 silly get     age: '12',
293 silly get     connection: 'keep-alive',
293 silly get     'x-served-by': 'cache-ams4449-AMS',
293 silly get     'x-cache': 'HIT',
293 silly get     'x-cache-hits': '1',
293 silly get     'x-timer': 'S1480914060.687698,VS0,VE0',
293 silly get     vary: 'Accept-Encoding' } ]
294 verbose etag https://registry.npmjs.org/request from cache
295 verbose get saving request to /Users/muki/.npm/registry.npmjs.org/request/.cache.json
296 verbose correctMkdir /Users/muki/.npm correctMkdir not in flight; initializing
297 http 200 https://registry.npmjs.org/gulp-rename
298 verbose headers { server: 'nginx/1.10.1',
298 verbose headers   'content-type': 'application/json',
298 verbose headers   'last-modified': 'Sat, 03 Dec 2016 15:39:34 GMT',
298 verbose headers   etag: 'W/"5842e736-3afd"',
298 verbose headers   'content-encoding': 'gzip',
298 verbose headers   'cache-control': 'max-age=300',
298 verbose headers   'content-length': '3994',
298 verbose headers   'accept-ranges': 'bytes',
298 verbose headers   date: 'Mon, 05 Dec 2016 05:01:00 GMT',
298 verbose headers   via: '1.1 varnish',
298 verbose headers   age: '143',
298 verbose headers   connection: 'keep-alive',
298 verbose headers   'x-served-by': 'cache-ams4438-AMS',
298 verbose headers   'x-cache': 'HIT',
298 verbose headers   'x-cache-hits': '1',
298 verbose headers   'x-timer': 'S1480914060.678425,VS0,VE0',
298 verbose headers   vary: 'Accept-Encoding' }
299 silly get cb [ 200,
299 silly get   { server: 'nginx/1.10.1',
299 silly get     'content-type': 'application/json',
299 silly get     'last-modified': 'Sat, 03 Dec 2016 15:39:34 GMT',
299 silly get     etag: 'W/"5842e736-3afd"',
299 silly get     'content-encoding': 'gzip',
299 silly get     'cache-control': 'max-age=300',
299 silly get     'content-length': '3994',
299 silly get     'accept-ranges': 'bytes',
299 silly get     date: 'Mon, 05 Dec 2016 05:01:00 GMT',
299 silly get     via: '1.1 varnish',
299 silly get     age: '143',
299 silly get     connection: 'keep-alive',
299 silly get     'x-served-by': 'cache-ams4438-AMS',
299 silly get     'x-cache': 'HIT',
299 silly get     'x-cache-hits': '1',
299 silly get     'x-timer': 'S1480914060.678425,VS0,VE0',
299 silly get     vary: 'Accept-Encoding' } ]
300 verbose get saving gulp-rename to /Users/muki/.npm/registry.npmjs.org/gulp-rename/.cache.json
301 verbose correctMkdir /Users/muki/.npm correctMkdir not in flight; initializing
302 http 304 https://registry.npmjs.org/gulp-wrap
303 verbose headers { date: 'Mon, 05 Dec 2016 05:01:00 GMT',
303 verbose headers   via: '1.1 varnish',
303 verbose headers   'cache-control': 'max-age=300',
303 verbose headers   etag: 'W/"57fa0fcd-6714"',
303 verbose headers   age: '23',
303 verbose headers   connection: 'keep-alive',
303 verbose headers   'x-served-by': 'cache-ams4150-AMS',
303 verbose headers   'x-cache': 'HIT',
303 verbose headers   'x-cache-hits': '1',
303 verbose headers   'x-timer': 'S1480914060.691283,VS0,VE0',
303 verbose headers   vary: 'Accept-Encoding' }
304 silly get cb [ 304,
304 silly get   { date: 'Mon, 05 Dec 2016 05:01:00 GMT',
304 silly get     via: '1.1 varnish',
304 silly get     'cache-control': 'max-age=300',
304 silly get     etag: 'W/"57fa0fcd-6714"',
304 silly get     age: '23',
304 silly get     connection: 'keep-alive',
304 silly get     'x-served-by': 'cache-ams4150-AMS',
304 silly get     'x-cache': 'HIT',
304 silly get     'x-cache-hits': '1',
304 silly get     'x-timer': 'S1480914060.691283,VS0,VE0',
304 silly get     vary: 'Accept-Encoding' } ]
305 verbose etag https://registry.npmjs.org/gulp-wrap from cache
306 verbose get saving gulp-wrap to /Users/muki/.npm/registry.npmjs.org/gulp-wrap/.cache.json
307 verbose correctMkdir /Users/muki/.npm correctMkdir not in flight; initializing
308 http 200 https://registry.npmjs.org/gulp-util
309 verbose headers { server: 'nginx/1.10.1',
309 verbose headers   'content-type': 'application/json',
309 verbose headers   'last-modified': 'Sun, 04 Dec 2016 19:48:07 GMT',
309 verbose headers   etag: 'W/"584472f7-f549"',
309 verbose headers   'content-encoding': 'gzip',
309 verbose headers   'cache-control': 'max-age=300',
309 verbose headers   'content-length': '7744',
309 verbose headers   'accept-ranges': 'bytes',
309 verbose headers   date: 'Mon, 05 Dec 2016 05:01:00 GMT',
309 verbose headers   via: '1.1 varnish',
309 verbose headers   age: '20',
309 verbose headers   connection: 'keep-alive',
309 verbose headers   'x-served-by': 'cache-ams4124-AMS',
309 verbose headers   'x-cache': 'HIT',
309 verbose headers   'x-cache-hits': '1',
309 verbose headers   'x-timer': 'S1480914060.688493,VS0,VE0',
309 verbose headers   vary: 'Accept-Encoding' }
310 silly get cb [ 200,
310 silly get   { server: 'nginx/1.10.1',
310 silly get     'content-type': 'application/json',
310 silly get     'last-modified': 'Sun, 04 Dec 2016 19:48:07 GMT',
310 silly get     etag: 'W/"584472f7-f549"',
310 silly get     'content-encoding': 'gzip',
310 silly get     'cache-control': 'max-age=300',
310 silly get     'content-length': '7744',
310 silly get     'accept-ranges': 'bytes',
310 silly get     date: 'Mon, 05 Dec 2016 05:01:00 GMT',
310 silly get     via: '1.1 varnish',
310 silly get     age: '20',
310 silly get     connection: 'keep-alive',
310 silly get     'x-served-by': 'cache-ams4124-AMS',
310 silly get     'x-cache': 'HIT',
310 silly get     'x-cache-hits': '1',
310 silly get     'x-timer': 'S1480914060.688493,VS0,VE0',
310 silly get     vary: 'Accept-Encoding' } ]
311 verbose get saving gulp-util to /Users/muki/.npm/registry.npmjs.org/gulp-util/.cache.json
312 verbose correctMkdir /Users/muki/.npm correctMkdir not in flight; initializing
313 http 304 https://registry.npmjs.org/minimist
314 verbose headers { date: 'Mon, 05 Dec 2016 05:01:00 GMT',
314 verbose headers   via: '1.1 varnish',
314 verbose headers   'cache-control': 'max-age=300',
314 verbose headers   etag: 'W/"58438859-7216"',
314 verbose headers   age: '50',
314 verbose headers   connection: 'keep-alive',
314 verbose headers   'x-served-by': 'cache-ams4439-AMS',
314 verbose headers   'x-cache': 'HIT',
314 verbose headers   'x-cache-hits': '2',
314 verbose headers   'x-timer': 'S1480914060.694780,VS0,VE0',
314 verbose headers   vary: 'Accept-Encoding' }
315 silly get cb [ 304,
315 silly get   { date: 'Mon, 05 Dec 2016 05:01:00 GMT',
315 silly get     via: '1.1 varnish',
315 silly get     'cache-control': 'max-age=300',
315 silly get     etag: 'W/"58438859-7216"',
315 silly get     age: '50',
315 silly get     connection: 'keep-alive',
315 silly get     'x-served-by': 'cache-ams4439-AMS',
315 silly get     'x-cache': 'HIT',
315 silly get     'x-cache-hits': '2',
315 silly get     'x-timer': 'S1480914060.694780,VS0,VE0',
315 silly get     vary: 'Accept-Encoding' } ]
316 verbose etag https://registry.npmjs.org/minimist from cache
317 verbose get saving minimist to /Users/muki/.npm/registry.npmjs.org/minimist/.cache.json
318 verbose correctMkdir /Users/muki/.npm correctMkdir not in flight; initializing
319 http 200 https://registry.npmjs.org/gulp-useref
320 verbose headers { server: 'nginx/1.10.1',
320 verbose headers   'content-type': 'application/json',
320 verbose headers   'last-modified': 'Tue, 29 Nov 2016 21:31:22 GMT',
320 verbose headers   etag: 'W/"583df3aa-1037a"',
320 verbose headers   'content-encoding': 'gzip',
320 verbose headers   'cache-control': 'max-age=300',
320 verbose headers   'content-length': '8759',
320 verbose headers   'accept-ranges': 'bytes',
320 verbose headers   date: 'Mon, 05 Dec 2016 05:01:00 GMT',
320 verbose headers   via: '1.1 varnish',
320 verbose headers   age: '232',
320 verbose headers   connection: 'keep-alive',
320 verbose headers   'x-served-by': 'cache-ams4123-AMS',
320 verbose headers   'x-cache': 'HIT',
320 verbose headers   'x-cache-hits': '1',
320 verbose headers   'x-timer': 'S1480914060.693492,VS0,VE0',
320 verbose headers   vary: 'Accept-Encoding' }
321 silly get cb [ 200,
321 silly get   { server: 'nginx/1.10.1',
321 silly get     'content-type': 'application/json',
321 silly get     'last-modified': 'Tue, 29 Nov 2016 21:31:22 GMT',
321 silly get     etag: 'W/"583df3aa-1037a"',
321 silly get     'content-encoding': 'gzip',
321 silly get     'cache-control': 'max-age=300',
321 silly get     'content-length': '8759',
321 silly get     'accept-ranges': 'bytes',
321 silly get     date: 'Mon, 05 Dec 2016 05:01:00 GMT',
321 silly get     via: '1.1 varnish',
321 silly get     age: '232',
321 silly get     connection: 'keep-alive',
321 silly get     'x-served-by': 'cache-ams4123-AMS',
321 silly get     'x-cache': 'HIT',
321 silly get     'x-cache-hits': '1',
321 silly get     'x-timer': 'S1480914060.693492,VS0,VE0',
321 silly get     vary: 'Accept-Encoding' } ]
322 verbose get saving gulp-useref to /Users/muki/.npm/registry.npmjs.org/gulp-useref/.cache.json
323 verbose correctMkdir /Users/muki/.npm correctMkdir not in flight; initializing
324 http 304 https://registry.npmjs.org/gulp-ejs
325 verbose headers { date: 'Mon, 05 Dec 2016 05:01:00 GMT',
325 verbose headers   via: '1.1 varnish',
325 verbose headers   'cache-control': 'max-age=300',
325 verbose headers   etag: 'W/"57ea9204-8b70"',
325 verbose headers   age: '0',
325 verbose headers   connection: 'keep-alive',
325 verbose headers   'x-served-by': 'cache-ams4135-AMS',
325 verbose headers   'x-cache': 'HIT',
325 verbose headers   'x-cache-hits': '1',
325 verbose headers   'x-timer': 'S1480914060.677466,VS0,VE27',
325 verbose headers   vary: 'Accept-Encoding' }
326 silly get cb [ 304,
326 silly get   { date: 'Mon, 05 Dec 2016 05:01:00 GMT',
326 silly get     via: '1.1 varnish',
326 silly get     'cache-control': 'max-age=300',
326 silly get     etag: 'W/"57ea9204-8b70"',
326 silly get     age: '0',
326 silly get     connection: 'keep-alive',
326 silly get     'x-served-by': 'cache-ams4135-AMS',
326 silly get     'x-cache': 'HIT',
326 silly get     'x-cache-hits': '1',
326 silly get     'x-timer': 'S1480914060.677466,VS0,VE27',
326 silly get     vary: 'Accept-Encoding' } ]
327 verbose etag https://registry.npmjs.org/gulp-ejs from cache
328 verbose get saving gulp-ejs to /Users/muki/.npm/registry.npmjs.org/gulp-ejs/.cache.json
329 verbose correctMkdir /Users/muki/.npm correctMkdir not in flight; initializing
330 http 200 https://registry.npmjs.org/gulp-clean-css
331 verbose headers { server: 'nginx/1.10.1',
331 verbose headers   'content-type': 'application/json',
331 verbose headers   'last-modified': 'Mon, 05 Dec 2016 03:35:41 GMT',
331 verbose headers   etag: 'W/"5844e08d-7ec4"',
331 verbose headers   'content-encoding': 'gzip',
331 verbose headers   'cache-control': 'max-age=300',
331 verbose headers   'content-length': '4965',
331 verbose headers   'accept-ranges': 'bytes',
331 verbose headers   date: 'Mon, 05 Dec 2016 05:01:00 GMT',
331 verbose headers   via: '1.1 varnish',
331 verbose headers   age: '0',
331 verbose headers   connection: 'keep-alive',
331 verbose headers   'x-served-by': 'cache-ams4129-AMS',
331 verbose headers   'x-cache': 'HIT',
331 verbose headers   'x-cache-hits': '1',
331 verbose headers   'x-timer': 'S1480914060.676657,VS0,VE27',
331 verbose headers   vary: 'Accept-Encoding' }
332 silly get cb [ 200,
332 silly get   { server: 'nginx/1.10.1',
332 silly get     'content-type': 'application/json',
332 silly get     'last-modified': 'Mon, 05 Dec 2016 03:35:41 GMT',
332 silly get     etag: 'W/"5844e08d-7ec4"',
332 silly get     'content-encoding': 'gzip',
332 silly get     'cache-control': 'max-age=300',
332 silly get     'content-length': '4965',
332 silly get     'accept-ranges': 'bytes',
332 silly get     date: 'Mon, 05 Dec 2016 05:01:00 GMT',
332 silly get     via: '1.1 varnish',
332 silly get     age: '0',
332 silly get     connection: 'keep-alive',
332 silly get     'x-served-by': 'cache-ams4129-AMS',
332 silly get     'x-cache': 'HIT',
332 silly get     'x-cache-hits': '1',
332 silly get     'x-timer': 'S1480914060.676657,VS0,VE27',
332 silly get     vary: 'Accept-Encoding' } ]
333 verbose get saving gulp-clean-css to /Users/muki/.npm/registry.npmjs.org/gulp-clean-css/.cache.json
334 verbose correctMkdir /Users/muki/.npm correctMkdir not in flight; initializing
335 http 304 https://registry.npmjs.org/gulp-delete-lines
336 verbose headers { date: 'Mon, 05 Dec 2016 05:01:00 GMT',
336 verbose headers   via: '1.1 varnish',
336 verbose headers   'cache-control': 'max-age=300',
336 verbose headers   etag: 'W/"57f57ba3-30ba"',
336 verbose headers   age: '0',
336 verbose headers   connection: 'keep-alive',
336 verbose headers   'x-served-by': 'cache-ams4438-AMS',
336 verbose headers   'x-cache': 'MISS',
336 verbose headers   'x-cache-hits': '0',
336 verbose headers   'x-timer': 'S1480914060.677350,VS0,VE65',
336 verbose headers   vary: 'Accept-Encoding' }
337 silly get cb [ 304,
337 silly get   { date: 'Mon, 05 Dec 2016 05:01:00 GMT',
337 silly get     via: '1.1 varnish',
337 silly get     'cache-control': 'max-age=300',
337 silly get     etag: 'W/"57f57ba3-30ba"',
337 silly get     age: '0',
337 silly get     connection: 'keep-alive',
337 silly get     'x-served-by': 'cache-ams4438-AMS',
337 silly get     'x-cache': 'MISS',
337 silly get     'x-cache-hits': '0',
337 silly get     'x-timer': 'S1480914060.677350,VS0,VE65',
337 silly get     vary: 'Accept-Encoding' } ]
338 verbose etag https://registry.npmjs.org/gulp-delete-lines from cache
339 verbose get saving gulp-delete-lines to /Users/muki/.npm/registry.npmjs.org/gulp-delete-lines/.cache.json
340 verbose correctMkdir /Users/muki/.npm correctMkdir not in flight; initializing
341 http 200 https://registry.npmjs.org/browser-sync
342 verbose headers { server: 'nginx/1.10.1',
342 verbose headers   'content-type': 'application/json',
342 verbose headers   'last-modified': 'Sat, 03 Dec 2016 15:32:01 GMT',
342 verbose headers   etag: 'W/"5842e571-7d8bd"',
342 verbose headers   'content-encoding': 'gzip',
342 verbose headers   'cache-control': 'max-age=300',
342 verbose headers   'content-length': '28183',
342 verbose headers   'accept-ranges': 'bytes',
342 verbose headers   date: 'Mon, 05 Dec 2016 05:01:00 GMT',
342 verbose headers   via: '1.1 varnish',
342 verbose headers   age: '196',
342 verbose headers   connection: 'keep-alive',
342 verbose headers   'x-served-by': 'cache-ams4131-AMS',
342 verbose headers   'x-cache': 'HIT',
342 verbose headers   'x-cache-hits': '3',
342 verbose headers   'x-timer': 'S1480914060.676526,VS0,VE0',
342 verbose headers   vary: 'Accept-Encoding' }
343 silly get cb [ 200,
343 silly get   { server: 'nginx/1.10.1',
343 silly get     'content-type': 'application/json',
343 silly get     'last-modified': 'Sat, 03 Dec 2016 15:32:01 GMT',
343 silly get     etag: 'W/"5842e571-7d8bd"',
343 silly get     'content-encoding': 'gzip',
343 silly get     'cache-control': 'max-age=300',
343 silly get     'content-length': '28183',
343 silly get     'accept-ranges': 'bytes',
343 silly get     date: 'Mon, 05 Dec 2016 05:01:00 GMT',
343 silly get     via: '1.1 varnish',
343 silly get     age: '196',
343 silly get     connection: 'keep-alive',
343 silly get     'x-served-by': 'cache-ams4131-AMS',
343 silly get     'x-cache': 'HIT',
343 silly get     'x-cache-hits': '3',
343 silly get     'x-timer': 'S1480914060.676526,VS0,VE0',
343 silly get     vary: 'Accept-Encoding' } ]
344 verbose get saving browser-sync to /Users/muki/.npm/registry.npmjs.org/browser-sync/.cache.json
345 verbose correctMkdir /Users/muki/.npm correctMkdir not in flight; initializing
346 http 200 https://registry.npmjs.org/gulp
347 verbose headers { server: 'nginx/1.10.1',
347 verbose headers   'content-type': 'application/json',
347 verbose headers   'last-modified': 'Sun, 04 Dec 2016 15:55:17 GMT',
347 verbose headers   etag: 'W/"58443c65-1c968"',
347 verbose headers   'content-encoding': 'gzip',
347 verbose headers   'cache-control': 'max-age=300',
347 verbose headers   'content-length': '16644',
347 verbose headers   'accept-ranges': 'bytes',
347 verbose headers   date: 'Mon, 05 Dec 2016 05:01:00 GMT',
347 verbose headers   via: '1.1 varnish',
347 verbose headers   age: '203',
347 verbose headers   connection: 'keep-alive',
347 verbose headers   'x-served-by': 'cache-ams4445-AMS',
347 verbose headers   'x-cache': 'HIT',
347 verbose headers   'x-cache-hits': '1',
347 verbose headers   'x-timer': 'S1480914060.676373,VS0,VE0',
347 verbose headers   vary: 'Accept-Encoding' }
348 silly get cb [ 200,
348 silly get   { server: 'nginx/1.10.1',
348 silly get     'content-type': 'application/json',
348 silly get     'last-modified': 'Sun, 04 Dec 2016 15:55:17 GMT',
348 silly get     etag: 'W/"58443c65-1c968"',
348 silly get     'content-encoding': 'gzip',
348 silly get     'cache-control': 'max-age=300',
348 silly get     'content-length': '16644',
348 silly get     'accept-ranges': 'bytes',
348 silly get     date: 'Mon, 05 Dec 2016 05:01:00 GMT',
348 silly get     via: '1.1 varnish',
348 silly get     age: '203',
348 silly get     connection: 'keep-alive',
348 silly get     'x-served-by': 'cache-ams4445-AMS',
348 silly get     'x-cache': 'HIT',
348 silly get     'x-cache-hits': '1',
348 silly get     'x-timer': 'S1480914060.676373,VS0,VE0',
348 silly get     vary: 'Accept-Encoding' } ]
349 verbose get saving gulp to /Users/muki/.npm/registry.npmjs.org/gulp/.cache.json
350 verbose correctMkdir /Users/muki/.npm correctMkdir not in flight; initializing
351 verbose outdated not updating gulp-debug because it's currently at the maximum version that matches its specified semver range
352 verbose outdated not updating gulp-htmlmin because it's currently at the maximum version that matches its specified semver range
353 verbose outdated not updating gulp-uglify because it's currently at the maximum version that matches its specified semver range
354 info outdated updating [ { dep:
354 info outdated      { package: [Object],
354 info outdated        path: '/Users/muki/code/djnd/parlacards/c/zadnja-seja',
354 info outdated        parent: [Object],
354 info outdated        isMissing: true },
354 info outdated     depname: 'request',
354 info outdated     current: undefined,
354 info outdated     wanted: '2.79.0',
354 info outdated     latest: '2.79.0',
354 info outdated     req: '^2.78.0',
354 info outdated     what: 'request@2.79.0' },
354 info outdated   { dep:
354 info outdated      Node {
354 info outdated        id: 545,
354 info outdated        package: [Object],
354 info outdated        path: '/Users/muki/code/djnd/parlacards/c/zadnja-seja/node_modules/browser-sync',
354 info outdated        realpath: '/Users/muki/code/djnd/parlacards/c/zadnja-seja/node_modules/browser-sync',
354 info outdated        parent: [Object],
354 info outdated        isLink: false,
354 info outdated        children: [Object],
354 info outdated        error: null,
354 info outdated        loaded: false,
354 info outdated        requiredBy: [Object],
354 info outdated        requires: [Object],
354 info outdated        missingDeps: {},
354 info outdated        missingDevDeps: {},
354 info outdated        userRequired: false,
354 info outdated        existing: false },
354 info outdated     depname: 'browser-sync',
354 info outdated     current: '2.15.0',
354 info outdated     wanted: '2.18.2',
354 info outdated     latest: '2.18.2',
354 info outdated     req: '^2.12.8',
354 info outdated     what: 'browser-sync@2.18.2' },
354 info outdated   { dep:
354 info outdated      Node {
354 info outdated        id: 185,
354 info outdated        package: [Object],
354 info outdated        path: '/Users/muki/code/djnd/parlacards/c/zadnja-seja/node_modules/gulp-clean-css',
354 info outdated        realpath: '/Users/muki/code/djnd/parlacards/c/zadnja-seja/node_modules/gulp-clean-css',
354 info outdated        parent: [Object],
354 info outdated        isLink: false,
354 info outdated        children: [Object],
354 info outdated        error: null,
354 info outdated        loaded: false,
354 info outdated        requiredBy: [Object],
354 info outdated        requires: [Object],
354 info outdated        missingDeps: {},
354 info outdated        missingDevDeps: {},
354 info outdated        userRequired: false,
354 info outdated        existing: false },
354 info outdated     depname: 'gulp-clean-css',
354 info outdated     current: '2.0.12',
354 info outdated     wanted: '2.0.13',
354 info outdated     latest: '2.0.13',
354 info outdated     req: '^2.0.7',
354 info outdated     what: 'gulp-clean-css@2.0.13' },
354 info outdated   { dep:
354 info outdated      Node {
354 info outdated        id: 192,
354 info outdated        package: [Object],
354 info outdated        path: '/Users/muki/code/djnd/parlacards/c/zadnja-seja/node_modules/gulp-ejs',
354 info outdated        realpath: '/Users/muki/code/djnd/parlacards/c/zadnja-seja/node_modules/gulp-ejs',
354 info outdated        parent: [Object],
354 info outdated        isLink: false,
354 info outdated        children: [Object],
354 info outdated        error: null,
354 info outdated        loaded: false,
354 info outdated        requiredBy: [Object],
354 info outdated        requires: [Object],
354 info outdated        missingDeps: {},
354 info outdated        missingDevDeps: {},
354 info outdated        userRequired: false,
354 info outdated        existing: false },
354 info outdated     depname: 'gulp-ejs',
354 info outdated     current: '2.2.0',
354 info outdated     wanted: '2.2.1',
354 info outdated     latest: '2.2.1',
354 info outdated     req: '^2.1.1',
354 info outdated     what: 'gulp-ejs@2.2.1' },
354 info outdated   { dep:
354 info outdated      Node {
354 info outdated        id: 191,
354 info outdated        package: [Object],
354 info outdated        path: '/Users/muki/code/djnd/parlacards/c/zadnja-seja/node_modules/gulp-if',
354 info outdated        realpath: '/Users/muki/code/djnd/parlacards/c/zadnja-seja/node_modules/gulp-if',
354 info outdated        parent: [Object],
354 info outdated        isLink: false,
354 info outdated        children: [Object],
354 info outdated        error: null,
354 info outdated        loaded: false,
354 info outdated        requiredBy: [Object],
354 info outdated        requires: [Object],
354 info outdated        missingDeps: {},
354 info outdated        missingDevDeps: {},
354 info outdated        userRequired: false,
354 info outdated        existing: false },
354 info outdated     depname: 'gulp-if',
354 info outdated     current: '2.0.1',
354 info outdated     wanted: '2.0.2',
354 info outdated     latest: '2.0.2',
354 info outdated     req: '^2.0.1',
354 info outdated     what: 'gulp-if@2.0.2' },
354 info outdated   { dep:
354 info outdated      Node {
354 info outdated        id: 362,
354 info outdated        package: [Object],
354 info outdated        path: '/Users/muki/code/djnd/parlacards/c/zadnja-seja/node_modules/parlassets',
354 info outdated        realpath: '/Users/muki/code/djnd/parlacards/c/zadnja-seja/node_modules/parlassets',
354 info outdated        parent: [Object],
354 info outdated        isLink: false,
354 info outdated        children: [Object],
354 info outdated        error: null,
354 info outdated        loaded: false,
354 info outdated        requiredBy: [Object],
354 info outdated        requires: [Object],
354 info outdated        missingDeps: [Object],
354 info outdated        missingDevDeps: {},
354 info outdated        userRequired: false,
354 info outdated        existing: false },
354 info outdated     depname: 'parlassets',
354 info outdated     current: '1.0.0',
354 info outdated     wanted: 'git',
354 info outdated     latest: 'git',
354 info outdated     req: 'git+ssh://git@github.com/muki/parlassets.git',
354 info outdated     what: 'parlassets@git' } ]
355 silly loadCurrentTree Starting
356 silly install loadCurrentTree
357 silly install readLocalPackageData
358 silly fetchPackageMetaData request@2.79.0
359 silly fetchPackageMetaData browser-sync@2.18.2
360 silly fetchPackageMetaData gulp-clean-css@2.0.13
361 silly fetchPackageMetaData gulp-ejs@2.2.1
362 silly fetchPackageMetaData gulp-if@2.0.2
363 silly fetchPackageMetaData git+ssh://git@github.com/muki/parlassets.git
364 silly fetchNamedPackageData request
365 silly mapToRegistry name request
366 silly mapToRegistry using default registry
367 silly mapToRegistry registry https://registry.npmjs.org/
368 silly mapToRegistry data Result {
368 silly mapToRegistry   raw: 'request',
368 silly mapToRegistry   scope: null,
368 silly mapToRegistry   name: 'request',
368 silly mapToRegistry   rawSpec: '',
368 silly mapToRegistry   spec: 'latest',
368 silly mapToRegistry   type: 'tag' }
369 silly mapToRegistry uri https://registry.npmjs.org/request
370 silly fetchNamedPackageData browser-sync
371 silly mapToRegistry name browser-sync
372 silly mapToRegistry using default registry
373 silly mapToRegistry registry https://registry.npmjs.org/
374 silly mapToRegistry data Result {
374 silly mapToRegistry   raw: 'browser-sync',
374 silly mapToRegistry   scope: null,
374 silly mapToRegistry   name: 'browser-sync',
374 silly mapToRegistry   rawSpec: '',
374 silly mapToRegistry   spec: 'latest',
374 silly mapToRegistry   type: 'tag' }
375 silly mapToRegistry uri https://registry.npmjs.org/browser-sync
376 silly fetchNamedPackageData gulp-clean-css
377 silly mapToRegistry name gulp-clean-css
378 silly mapToRegistry using default registry
379 silly mapToRegistry registry https://registry.npmjs.org/
380 silly mapToRegistry data Result {
380 silly mapToRegistry   raw: 'gulp-clean-css',
380 silly mapToRegistry   scope: null,
380 silly mapToRegistry   name: 'gulp-clean-css',
380 silly mapToRegistry   rawSpec: '',
380 silly mapToRegistry   spec: 'latest',
380 silly mapToRegistry   type: 'tag' }
381 silly mapToRegistry uri https://registry.npmjs.org/gulp-clean-css
382 silly fetchNamedPackageData gulp-ejs
383 silly mapToRegistry name gulp-ejs
384 silly mapToRegistry using default registry
385 silly mapToRegistry registry https://registry.npmjs.org/
386 silly mapToRegistry data Result {
386 silly mapToRegistry   raw: 'gulp-ejs',
386 silly mapToRegistry   scope: null,
386 silly mapToRegistry   name: 'gulp-ejs',
386 silly mapToRegistry   rawSpec: '',
386 silly mapToRegistry   spec: 'latest',
386 silly mapToRegistry   type: 'tag' }
387 silly mapToRegistry uri https://registry.npmjs.org/gulp-ejs
388 silly fetchNamedPackageData gulp-if
389 silly mapToRegistry name gulp-if
390 silly mapToRegistry using default registry
391 silly mapToRegistry registry https://registry.npmjs.org/
392 silly mapToRegistry data Result {
392 silly mapToRegistry   raw: 'gulp-if',
392 silly mapToRegistry   scope: null,
392 silly mapToRegistry   name: 'gulp-if',
392 silly mapToRegistry   rawSpec: '',
392 silly mapToRegistry   spec: 'latest',
392 silly mapToRegistry   type: 'tag' }
393 silly mapToRegistry uri https://registry.npmjs.org/gulp-if
394 silly fetchOtherPackageData git+ssh://git@github.com/muki/parlassets.git
395 silly cache add args [ 'git+ssh://git@github.com/muki/parlassets.git', null ]
396 verbose cache add spec git+ssh://git@github.com/muki/parlassets.git
397 silly cache add parsed spec Result {
397 silly cache add   raw: 'git+ssh://git@github.com/muki/parlassets.git',
397 silly cache add   scope: null,
397 silly cache add   name: null,
397 silly cache add   rawSpec: 'git+ssh://git@github.com/muki/parlassets.git',
397 silly cache add   spec: 'git+ssh://git@github.com/muki/parlassets.git',
397 silly cache add   type: 'hosted',
397 silly cache add   hosted:
397 silly cache add    { type: 'github',
397 silly cache add      ssh: 'git@github.com:muki/parlassets.git',
397 silly cache add      sshUrl: 'git+ssh://git@github.com/muki/parlassets.git',
397 silly cache add      httpsUrl: 'git+https://github.com/muki/parlassets.git',
397 silly cache add      gitUrl: 'git://github.com/muki/parlassets.git',
397 silly cache add      shortcut: 'github:muki/parlassets',
397 silly cache add      directUrl: 'https://raw.githubusercontent.com/muki/parlassets/master/package.json' } }
398 verbose addRemoteGit caching git+ssh://git@github.com/muki/parlassets.git
399 verbose addRemoteGit git+ssh://git@github.com/muki/parlassets.git is a repository hosted by github
400 silly tryClone cloning git+ssh://git@github.com/muki/parlassets.git via git+ssh://git@github.com/muki/parlassets.git
401 verbose tryClone git-ssh-git-github-com-muki-parlassets-git-4c773461 not in flight; caching
402 verbose correctMkdir /Users/muki/.npm/_git-remotes correctMkdir not in flight; initializing
403 verbose get https://registry.npmjs.org/gulp-clean-css not expired, no request
404 verbose get https://registry.npmjs.org/gulp-if not expired, no request
405 verbose get https://registry.npmjs.org/request not expired, no request
406 verbose get https://registry.npmjs.org/gulp-ejs not expired, no request
407 verbose get https://registry.npmjs.org/browser-sync not expired, no request
408 info git [ 'config', '--get', 'remote.origin.url' ]
409 silly validateExistingRemote git+ssh://git@github.com/muki/parlassets.git remote.origin.url: ssh://git@github.com/muki/parlassets.git
410 verbose validateExistingRemote git+ssh://git@github.com/muki/parlassets.git is updating existing cached remote /Users/muki/.npm/_git-remotes/git-ssh-git-github-com-muki-parlassets-git-4c773461
411 info git [ 'fetch', '-a', 'origin' ]
412 error git fetch -a origin (ssh://git@github.com/muki/parlassets.git) Permission denied (publickey).
412 error git fetch -a origin (ssh://git@github.com/muki/parlassets.git) fatal: Could not read from remote repository.
412 error git fetch -a origin (ssh://git@github.com/muki/parlassets.git)
412 error git fetch -a origin (ssh://git@github.com/muki/parlassets.git) Please make sure you have the correct access rights
412 error git fetch -a origin (ssh://git@github.com/muki/parlassets.git) and the repository exists.
413 silly fetchPackageMetaData Error: Command failed: git fetch -a origin
413 silly fetchPackageMetaData Permission denied (publickey).
413 silly fetchPackageMetaData fatal: Could not read from remote repository.
413 silly fetchPackageMetaData
413 silly fetchPackageMetaData Please make sure you have the correct access rights
413 silly fetchPackageMetaData and the repository exists.
413 silly fetchPackageMetaData
413 silly fetchPackageMetaData     at ChildProcess.exithandler (child_process.js:202:12)
413 silly fetchPackageMetaData     at emitTwo (events.js:100:13)
413 silly fetchPackageMetaData     at ChildProcess.emit (events.js:185:7)
413 silly fetchPackageMetaData     at maybeClose (internal/child_process.js:850:16)
413 silly fetchPackageMetaData     at Socket.<anonymous> (internal/child_process.js:323:11)
413 silly fetchPackageMetaData     at emitOne (events.js:90:13)
413 silly fetchPackageMetaData     at Socket.emit (events.js:182:7)
413 silly fetchPackageMetaData     at Pipe._onclose (net.js:477:12)
413 silly fetchPackageMetaData  error for git+ssh://git@github.com/muki/parlassets.git { [Error: Command failed: git fetch -a origin
413 silly fetchPackageMetaData Permission denied (publickey).
413 silly fetchPackageMetaData fatal: Could not read from remote repository.
413 silly fetchPackageMetaData
413 silly fetchPackageMetaData Please make sure you have the correct access rights
413 silly fetchPackageMetaData and the repository exists.
413 silly fetchPackageMetaData ]
413 silly fetchPackageMetaData   killed: false,
413 silly fetchPackageMetaData   code: 128,
413 silly fetchPackageMetaData   signal: null,
413 silly fetchPackageMetaData   cmd: 'git fetch -a origin' }
414 silly rollbackFailedOptional Starting
415 silly rollbackFailedOptional Finishing
416 silly runTopLevelLifecycles Starting
417 silly runTopLevelLifecycles Finishing
418 silly install printInstalled
419 verbose stack Error: Command failed: git fetch -a origin
419 verbose stack Permission denied (publickey).
419 verbose stack fatal: Could not read from remote repository.
419 verbose stack
419 verbose stack Please make sure you have the correct access rights
419 verbose stack and the repository exists.
419 verbose stack
419 verbose stack     at ChildProcess.exithandler (child_process.js:202:12)
419 verbose stack     at emitTwo (events.js:100:13)
419 verbose stack     at ChildProcess.emit (events.js:185:7)
419 verbose stack     at maybeClose (internal/child_process.js:850:16)
419 verbose stack     at Socket.<anonymous> (internal/child_process.js:323:11)
419 verbose stack     at emitOne (events.js:90:13)
419 verbose stack     at Socket.emit (events.js:182:7)
419 verbose stack     at Pipe._onclose (net.js:477:12)
420 verbose cwd /Users/muki/code/djnd/parlacards/c/zadnja-seja
421 error Darwin 15.6.0
422 error argv "/usr/local/bin/node" "/usr/local/bin/npm" "update"
423 error node v5.10.0
424 error npm  v3.8.3
425 error code 128
426 error Command failed: git fetch -a origin
426 error Permission denied (publickey).
426 error fatal: Could not read from remote repository.
426 error
426 error Please make sure you have the correct access rights
426 error and the repository exists.
427 error If you need help, you may report this error at:
427 error     <https://github.com/npm/npm/issues>
428 verbose exit [ 1, true ]
